<?xml version="1.0" encoding="UTF-8"?>
<coverage generated="1755182228661" clover="3.2.0">
  <project timestamp="1755182228661" name="All files">
    <metrics statements="35" coveredstatements="30" conditionals="15" coveredconditionals="8" methods="10" coveredmethods="10" elements="60" coveredelements="48" complexity="0" loc="35" ncloc="35" packages="1" files="2" classes="2"/>
    <file name="Gameboard.js" path="C:\Users\User\3D Objects\yeahhhhhhh\Battlefield\Gameboard.js">
      <metrics statements="30" coveredstatements="25" conditionals="15" coveredconditionals="8" methods="7" coveredmethods="7"/>
      <line num="1" count="1" type="stmt"/>
      <line num="4" count="4" type="stmt"/>
      <line num="6" count="40" type="stmt"/>
      <line num="7" count="4" type="stmt"/>
      <line num="8" count="4" type="stmt"/>
      <line num="11" count="4" type="stmt"/>
      <line num="14" count="4" type="stmt"/>
      <line num="15" count="4" type="cond" truecount="1" falsecount="1"/>
      <line num="16" count="4" type="cond" truecount="1" falsecount="1"/>
      <line num="17" count="4" type="stmt"/>
      <line num="18" count="9" type="cond" truecount="1" falsecount="1"/>
      <line num="20" count="4" type="stmt"/>
      <line num="21" count="9" type="stmt"/>
      <line num="24" count="0" type="cond" truecount="0" falsecount="2"/>
      <line num="25" count="0" type="stmt"/>
      <line num="26" count="0" type="cond" truecount="0" falsecount="2"/>
      <line num="28" count="0" type="stmt"/>
      <line num="29" count="0" type="stmt"/>
      <line num="33" count="4" type="stmt"/>
      <line num="34" count="4" type="stmt"/>
      <line num="38" count="4" type="stmt"/>
      <line num="39" count="4" type="cond" truecount="4" falsecount="0"/>
      <line num="40" count="3" type="stmt"/>
      <line num="41" count="3" type="stmt"/>
      <line num="43" count="1" type="stmt"/>
      <line num="44" count="1" type="stmt"/>
      <line num="49" count="1" type="stmt"/>
      <line num="52" count="4" type="stmt"/>
      <line num="58" count="3" type="stmt"/>
      <line num="63" count="1" type="stmt"/>
    </file>
    <file name="Ship.js" path="C:\Users\User\3D Objects\yeahhhhhhh\Battlefield\Ship.js">
      <metrics statements="5" coveredstatements="5" conditionals="0" coveredconditionals="0" methods="3" coveredmethods="3"/>
      <line num="3" count="7" type="stmt"/>
      <line num="6" count="6" type="stmt"/>
      <line num="10" count="4" type="stmt"/>
      <line num="13" count="7" type="stmt"/>
      <line num="20" count="2" type="stmt"/>
    </file>
  </project>
</coverage>
