{"C:\\Users\\User\\3D Objects\\yeahhhhhhh\\Battlefield\\Ship.js": {"path":"C:\\Users\\User\\3D Objects\\yeahhhhhhh\\Battlefield\\Ship.js","statementMap":{"0":{"start":{"line":3,"column":13},"end":{"line":3,"column":14}},"1":{"start":{"line":6,"column":4},"end":{"line":6,"column":11}},"2":{"start":{"line":10,"column":4},"end":{"line":10,"column":26}},"3":{"start":{"line":13,"column":2},"end":{"line":17,"column":4}},"4":{"start":{"line":20,"column":0},"end":{"line":20,"column":22}}},"fnMap":{"0":{"name":"Ship","decl":{"start":{"line":2,"column":9},"end":{"line":2,"column":13}},"loc":{"start":{"line":2,"column":22},"end":{"line":18,"column":1}},"line":2},"1":{"name":"hit","decl":{"start":{"line":5,"column":11},"end":{"line":5,"column":14}},"loc":{"start":{"line":5,"column":17},"end":{"line":7,"column":3}},"line":5},"2":{"name":"isSunk","decl":{"start":{"line":9,"column":11},"end":{"line":9,"column":17}},"loc":{"start":{"line":9,"column":20},"end":{"line":11,"column":3}},"line":9}},"branchMap":{},"s":{"0":3,"1":3,"2":2,"3":3,"4":1},"f":{"0":3,"1":3,"2":2},"b":{},"_coverageSchema":"1a1c01bbd47fc00a2c39e90264f33305004495a9","hash":"c558f4eea4a6a5b8b61e4ed2055cc4708cb7da80"}
}
