{"C:\\Users\\User\\3D Objects\\yeahhhhhhh\\Battlefield\\Gameboard.js": {"path":"C:\\Users\\User\\3D Objects\\yeahhhhhhh\\Battlefield\\Gameboard.js","statementMap":{"0":{"start":{"line":1,"column":13},"end":{"line":1,"column":34}},"1":{"start":{"line":4,"column":16},"end":{"line":6,"column":36}},"2":{"start":{"line":6,"column":15},"end":{"line":6,"column":35}},"3":{"start":{"line":7,"column":16},"end":{"line":7,"column":18}},"4":{"start":{"line":8,"column":22},"end":{"line":8,"column":24}},"5":{"start":{"line":11,"column":17},"end":{"line":11,"column":29}},"6":{"start":{"line":14,"column":19},"end":{"line":14,"column":30}},"7":{"start":{"line":15,"column":4},"end":{"line":31,"column":5}},"8":{"start":{"line":16,"column":6},"end":{"line":16,"column":70}},"9":{"start":{"line":16,"column":27},"end":{"line":16,"column":70}},"10":{"start":{"line":17,"column":6},"end":{"line":19,"column":7}},"11":{"start":{"line":17,"column":19},"end":{"line":17,"column":20}},"12":{"start":{"line":18,"column":8},"end":{"line":18,"column":83}},"13":{"start":{"line":18,"column":38},"end":{"line":18,"column":83}},"14":{"start":{"line":20,"column":6},"end":{"line":22,"column":7}},"15":{"start":{"line":20,"column":19},"end":{"line":20,"column":20}},"16":{"start":{"line":21,"column":8},"end":{"line":21,"column":31}},"17":{"start":{"line":24,"column":6},"end":{"line":24,"column":70}},"18":{"start":{"line":24,"column":27},"end":{"line":24,"column":70}},"19":{"start":{"line":25,"column":6},"end":{"line":27,"column":7}},"20":{"start":{"line":25,"column":19},"end":{"line":25,"column":20}},"21":{"start":{"line":26,"column":8},"end":{"line":26,"column":83}},"22":{"start":{"line":26,"column":38},"end":{"line":26,"column":83}},"23":{"start":{"line":28,"column":6},"end":{"line":30,"column":7}},"24":{"start":{"line":28,"column":19},"end":{"line":28,"column":20}},"25":{"start":{"line":29,"column":8},"end":{"line":29,"column":31}},"26":{"start":{"line":33,"column":4},"end":{"line":33,"column":21}},"27":{"start":{"line":34,"column":4},"end":{"line":34,"column":16}},"28":{"start":{"line":38,"column":19},"end":{"line":38,"column":30}},"29":{"start":{"line":39,"column":4},"end":{"line":45,"column":5}},"30":{"start":{"line":40,"column":6},"end":{"line":40,"column":19}},"31":{"start":{"line":41,"column":6},"end":{"line":41,"column":18}},"32":{"start":{"line":43,"column":6},"end":{"line":43,"column":31}},"33":{"start":{"line":44,"column":6},"end":{"line":44,"column":19}},"34":{"start":{"line":49,"column":4},"end":{"line":49,"column":46}},"35":{"start":{"line":49,"column":31},"end":{"line":49,"column":44}},"36":{"start":{"line":52,"column":2},"end":{"line":60,"column":4}},"37":{"start":{"line":58,"column":6},"end":{"line":58,"column":19}},"38":{"start":{"line":63,"column":0},"end":{"line":63,"column":27}}},"fnMap":{"0":{"name":"Gameboard","decl":{"start":{"line":3,"column":9},"end":{"line":3,"column":18}},"loc":{"start":{"line":3,"column":21},"end":{"line":61,"column":1}},"line":3},"1":{"name":"(anonymous_1)","decl":{"start":{"line":6,"column":9},"end":{"line":6,"column":10}},"loc":{"start":{"line":6,"column":15},"end":{"line":6,"column":35}},"line":6},"2":{"name":"placeShip","decl":{"start":{"line":10,"column":11},"end":{"line":10,"column":20}},"loc":{"start":{"line":10,"column":63},"end":{"line":35,"column":3}},"line":10},"3":{"name":"receiveAttack","decl":{"start":{"line":37,"column":11},"end":{"line":37,"column":24}},"loc":{"start":{"line":37,"column":31},"end":{"line":46,"column":3}},"line":37},"4":{"name":"allShipsSunk","decl":{"start":{"line":48,"column":11},"end":{"line":48,"column":23}},"loc":{"start":{"line":48,"column":26},"end":{"line":50,"column":3}},"line":48},"5":{"name":"(anonymous_5)","decl":{"start":{"line":49,"column":23},"end":{"line":49,"column":24}},"loc":{"start":{"line":49,"column":31},"end":{"line":49,"column":44}},"line":49},"6":{"name":"(anonymous_6)","decl":{"start":{"line":57,"column":4},"end":{"line":57,"column":5}},"loc":{"start":{"line":57,"column":16},"end":{"line":59,"column":5}},"line":57}},"branchMap":{"0":{"loc":{"start":{"line":10,"column":42},"end":{"line":10,"column":61}},"type":"default-arg","locations":[{"start":{"line":10,"column":57},"end":{"line":10,"column":61}}],"line":10},"1":{"loc":{"start":{"line":15,"column":4},"end":{"line":31,"column":5}},"type":"if","locations":[{"start":{"line":15,"column":4},"end":{"line":31,"column":5}},{"start":{"line":23,"column":11},"end":{"line":31,"column":5}}],"line":15},"2":{"loc":{"start":{"line":16,"column":6},"end":{"line":16,"column":70}},"type":"if","locations":[{"start":{"line":16,"column":6},"end":{"line":16,"column":70}},{"start":{},"end":{}}],"line":16},"3":{"loc":{"start":{"line":18,"column":8},"end":{"line":18,"column":83}},"type":"if","locations":[{"start":{"line":18,"column":8},"end":{"line":18,"column":83}},{"start":{},"end":{}}],"line":18},"4":{"loc":{"start":{"line":24,"column":6},"end":{"line":24,"column":70}},"type":"if","locations":[{"start":{"line":24,"column":6},"end":{"line":24,"column":70}},{"start":{},"end":{}}],"line":24},"5":{"loc":{"start":{"line":26,"column":8},"end":{"line":26,"column":83}},"type":"if","locations":[{"start":{"line":26,"column":8},"end":{"line":26,"column":83}},{"start":{},"end":{}}],"line":26},"6":{"loc":{"start":{"line":39,"column":4},"end":{"line":45,"column":5}},"type":"if","locations":[{"start":{"line":39,"column":4},"end":{"line":45,"column":5}},{"start":{"line":42,"column":11},"end":{"line":45,"column":5}}],"line":39},"7":{"loc":{"start":{"line":39,"column":8},"end":{"line":39,"column":50}},"type":"binary-expr","locations":[{"start":{"line":39,"column":8},"end":{"line":39,"column":14}},{"start":{"line":39,"column":18},"end":{"line":39,"column":50}}],"line":39}},"s":{"0":2,"1":4,"2":40,"3":4,"4":4,"5":4,"6":4,"7":4,"8":4,"9":0,"10":4,"11":4,"12":9,"13":0,"14":4,"15":4,"16":9,"17":0,"18":0,"19":0,"20":0,"21":0,"22":0,"23":0,"24":0,"25":0,"26":4,"27":4,"28":4,"29":4,"30":3,"31":3,"32":1,"33":1,"34":1,"35":1,"36":4,"37":3,"38":2},"f":{"0":4,"1":40,"2":4,"3":4,"4":1,"5":1,"6":3},"b":{"0":[4],"1":[4,0],"2":[0,4],"3":[0,9],"4":[0,0],"5":[0,0],"6":[3,1],"7":[4,3]},"_coverageSchema":"1a1c01bbd47fc00a2c39e90264f33305004495a9","hash":"604cea5cc394b69e8ccd03b4f8b5f0667b7c9794"}
,"C:\\Users\\User\\3D Objects\\yeahhhhhhh\\Battlefield\\Player.js": {"path":"C:\\Users\\User\\3D Objects\\yeahhhhhhh\\Battlefield\\Player.js","statementMap":{"0":{"start":{"line":1,"column":18},"end":{"line":1,"column":40}},"1":{"start":{"line":4,"column":20},"end":{"line":4,"column":31}},"2":{"start":{"line":5,"column":24},"end":{"line":5,"column":33}},"3":{"start":{"line":8,"column":4},"end":{"line":8,"column":35}},"4":{"start":{"line":13,"column":4},"end":{"line":17,"column":37}},"5":{"start":{"line":14,"column":6},"end":{"line":14,"column":41}},"6":{"start":{"line":15,"column":6},"end":{"line":15,"column":41}},"7":{"start":{"line":16,"column":6},"end":{"line":16,"column":24}},"8":{"start":{"line":19,"column":4},"end":{"line":19,"column":27}},"9":{"start":{"line":20,"column":4},"end":{"line":20,"column":35}},"10":{"start":{"line":21,"column":4},"end":{"line":21,"column":20}},"11":{"start":{"line":24,"column":2},"end":{"line":29,"column":4}},"12":{"start":{"line":32,"column":0},"end":{"line":32,"column":24}}},"fnMap":{"0":{"name":"Player","decl":{"start":{"line":3,"column":9},"end":{"line":3,"column":15}},"loc":{"start":{"line":3,"column":32},"end":{"line":30,"column":1}},"line":3},"1":{"name":"attack","decl":{"start":{"line":7,"column":11},"end":{"line":7,"column":17}},"loc":{"start":{"line":7,"column":36},"end":{"line":9,"column":3}},"line":7},"2":{"name":"randomAttack","decl":{"start":{"line":11,"column":11},"end":{"line":11,"column":23}},"loc":{"start":{"line":11,"column":36},"end":{"line":22,"column":3}},"line":11}},"branchMap":{"0":{"loc":{"start":{"line":3,"column":16},"end":{"line":3,"column":30}},"type":"default-arg","locations":[{"start":{"line":3,"column":23},"end":{"line":3,"column":30}}],"line":3},"1":{"loc":{"start":{"line":27,"column":12},"end":{"line":27,"column":49}},"type":"cond-expr","locations":[{"start":{"line":27,"column":31},"end":{"line":27,"column":37}},{"start":{"line":27,"column":40},"end":{"line":27,"column":49}}],"line":27},"2":{"loc":{"start":{"line":28,"column":18},"end":{"line":28,"column":64}},"type":"cond-expr","locations":[{"start":{"line":28,"column":40},"end":{"line":28,"column":52}},{"start":{"line":28,"column":55},"end":{"line":28,"column":64}}],"line":28}},"s":{"0":1,"1":5,"2":5,"3":1,"4":51,"5":62,"6":62,"7":62,"8":51,"9":51,"10":51,"11":5,"12":1},"f":{"0":5,"1":1,"2":51},"b":{"0":[0],"1":[2,3],"2":[3,2]},"_coverageSchema":"1a1c01bbd47fc00a2c39e90264f33305004495a9","hash":"d5266da62af5c8e8d41ced8c06d5a5af0b9cfed0"}
,"C:\\Users\\User\\3D Objects\\yeahhhhhhh\\Battlefield\\Ship.js": {"path":"C:\\Users\\User\\3D Objects\\yeahhhhhhh\\Battlefield\\Ship.js","statementMap":{"0":{"start":{"line":3,"column":13},"end":{"line":3,"column":14}},"1":{"start":{"line":6,"column":4},"end":{"line":6,"column":11}},"2":{"start":{"line":10,"column":4},"end":{"line":10,"column":26}},"3":{"start":{"line":13,"column":2},"end":{"line":17,"column":4}},"4":{"start":{"line":20,"column":0},"end":{"line":20,"column":22}}},"fnMap":{"0":{"name":"Ship","decl":{"start":{"line":2,"column":9},"end":{"line":2,"column":13}},"loc":{"start":{"line":2,"column":22},"end":{"line":18,"column":1}},"line":2},"1":{"name":"hit","decl":{"start":{"line":5,"column":11},"end":{"line":5,"column":14}},"loc":{"start":{"line":5,"column":17},"end":{"line":7,"column":3}},"line":5},"2":{"name":"isSunk","decl":{"start":{"line":9,"column":11},"end":{"line":9,"column":17}},"loc":{"start":{"line":9,"column":20},"end":{"line":11,"column":3}},"line":9}},"branchMap":{},"s":{"0":7,"1":6,"2":4,"3":7,"4":3},"f":{"0":7,"1":6,"2":4},"b":{},"_coverageSchema":"1a1c01bbd47fc00a2c39e90264f33305004495a9","hash":"c558f4eea4a6a5b8b61e4ed2055cc4708cb7da80"}
}
