TN:
SF:Gameboard.js
FN:3,Gameboard
FN:6,(anonymous_1)
FN:10,placeShip
FN:37,receiveAttack
FN:48,allShipsSunk
FN:49,(anonymous_5)
FN:57,(anonymous_6)
FNF:7
FNH:7
FNDA:4,Gameboard
FNDA:40,(anonymous_1)
FNDA:4,placeShip
FNDA:4,receiveAttack
FNDA:1,allShipsSunk
FNDA:1,(anonymous_5)
FNDA:3,(anonymous_6)
DA:1,1
DA:4,4
DA:6,40
DA:7,4
DA:8,4
DA:11,4
DA:14,4
DA:15,4
DA:16,4
DA:17,4
DA:18,9
DA:20,4
DA:21,9
DA:24,0
DA:25,0
DA:26,0
DA:28,0
DA:29,0
DA:33,4
DA:34,4
DA:38,4
DA:39,4
DA:40,3
DA:41,3
DA:43,1
DA:44,1
DA:49,1
DA:52,4
DA:58,3
DA:63,1
LF:30
LH:25
BRDA:10,0,0,4
BRDA:15,1,0,4
BRDA:15,1,1,0
BRDA:16,2,0,0
BRDA:16,2,1,4
BRDA:18,3,0,0
BRDA:18,3,1,9
BRDA:24,4,0,0
BRDA:24,4,1,0
BRDA:26,5,0,0
BRDA:26,5,1,0
BRDA:39,6,0,3
BRDA:39,6,1,1
BRDA:39,7,0,4
BRDA:39,7,1,3
BRF:15
BRH:8
end_of_record
TN:
SF:Ship.js
FN:2,Ship
FN:5,hit
FN:9,isSunk
FNF:3
FNH:3
FNDA:7,Ship
FNDA:6,hit
FNDA:4,isSunk
DA:3,7
DA:6,6
DA:10,4
DA:13,7
DA:20,2
LF:5
LH:5
BRF:0
BRH:0
end_of_record
